"C:\Program Files\JetBrains\CLion 2023.2.2\bin\cmake\win\x64\bin\cmake.exe" -DCMAKE_BUILD_TYPE=Debug -DCMAKE_MAKE_PROGRAM=D:/STM32Cube/x86_64-8.1.0-release-win32-seh-rt_v6-rev0/mingw64/bin/mingw32-make.exe -DCMAKE_C_COMPILER=D:/STM32Cube/gcc-arm-none-eabi-10.3-2021.10/bin/arm-none-eabi-gcc.exe -DCMAKE_CXX_COMPILER=D:/STM32Cube/gcc-arm-none-eabi-10.3-2021.10/bin/arm-none-eabi-g++.exe -G "CodeBlocks - MinGW Makefiles" -S D:\CodeSpace\untitled2 -B D:\CodeSpace\untitled2\cmake-build-debug
-- The C compiler identification is GNU 10.3.1
-- The CXX compiler identification is GNU 10.3.1
-- Detecting C compiler ABI info
-- Detecting C compiler ABI info - failed
-- Check for working C compiler: D:/STM32Cube/gcc-arm-none-eabi-10.3-2021.10/bin/arm-none-eabi-gcc.exe
-- Check for working C compiler: D:/STM32Cube/gcc-arm-none-eabi-10.3-2021.10/bin/arm-none-eabi-gcc.exe - broken
CMake Error at C:/Program Files/JetBrains/CLion 2023.2.2/bin/cmake/win/x64/share/cmake-3.26/Modules/CMakeTestCCompiler.cmake:67 (message):
  The C compiler

    "D:/STM32Cube/gcc-arm-none-eabi-10.3-2021.10/bin/arm-none-eabi-gcc.exe"

  is not able to compile a simple test program.

  It fails with the following output:

    Change Dir: D:/CodeSpace/untitled2/cmake-build-debug/CMakeFiles/CMakeScratch/TryCompile-9frdci
    
    Run Build Command(s):C:/Program Files/JetBrains/CLion 2023.2.2/bin/cmake/win/x64/bin/cmake.exe -E env VERBOSE=1 D:/STM32Cube/x86_64-8.1.0-release-win32-seh-rt_v6-rev0/mingw64/bin/mingw32-make.exe -f Makefile cmTC_f6c18/fast && D:/STM32Cube/x86_64-8.1.0-release-win32-seh-rt_v6-rev0/mingw64/bin/mingw32-make.exe  -f CMakeFiles\cmTC_f6c18.dir\build.make CMakeFiles/cmTC_f6c18.dir/build
    mingw32-make.exe[1]: Entering directory 'D:/CodeSpace/untitled2/cmake-build-debug/CMakeFiles/CMakeScratch/TryCompile-9frdci'
    Building C object CMakeFiles/cmTC_f6c18.dir/testCCompiler.c.obj
    D:\STM32Cube\gcc-arm-none-eabi-10.3-2021.10\bin\arm-none-eabi-gcc.exe   -fdiagnostics-color=always -o CMakeFiles\cmTC_f6c18.dir\testCCompiler.c.obj -c D:\CodeSpace\untitled2\cmake-build-debug\CMakeFiles\CMakeScratch\TryCompile-9frdci\testCCompiler.c
    Linking C executable cmTC_f6c18.exe
    "C:\Program Files\JetBrains\CLion 2023.2.2\bin\cmake\win\x64\bin\cmake.exe" -E cmake_link_script CMakeFiles\cmTC_f6c18.dir\link.txt --verbose=1
    "C:\Program Files\JetBrains\CLion 2023.2.2\bin\cmake\win\x64\bin\cmake.exe" -E rm -f CMakeFiles\cmTC_f6c18.dir/objects.a
    D:\STM32Cube\gcc-arm-none-eabi-10.3-2021.10\bin\arm-none-eabi-ar.exe qc CMakeFiles\cmTC_f6c18.dir/objects.a @CMakeFiles\cmTC_f6c18.dir\objects1.rsp
    D:\STM32Cube\gcc-arm-none-eabi-10.3-2021.10\bin\arm-none-eabi-gcc.exe -Wl,--whole-archive CMakeFiles\cmTC_f6c18.dir/objects.a -Wl,--no-whole-archive -o cmTC_f6c18.exe -Wl,--out-implib,libcmTC_f6c18.dll.a -Wl,--major-image-version,0,--minor-image-version,0 @CMakeFiles\cmTC_f6c18.dir\linkLibs.rsp
    d:/stm32cube/gcc-arm-none-eabi-10.3-2021.10/bin/../lib/gcc/arm-none-eabi/10.3.1/../../../../arm-none-eabi/bin/ld.exe: unrecognized option '--major-image-version'
    d:/stm32cube/gcc-arm-none-eabi-10.3-2021.10/bin/../lib/gcc/arm-none-eabi/10.3.1/../../../../arm-none-eabi/bin/ld.exe: use the --help option for usage information
    collect2.exe: error: ld returned 1 exit status
    mingw32-make.exe[1]: *** [CMakeFiles\cmTC_f6c18.dir\build.make:100: cmTC_f6c18.exe] Error 1
    mingw32-make.exe[1]: Leaving directory 'D:/CodeSpace/untitled2/cmake-build-debug/CMakeFiles/CMakeScratch/TryCompile-9frdci'
    mingw32-make.exe: *** [Makefile:126: cmTC_f6c18/fast] Error 2
    
    

  

  CMake will not be able to correctly generate this project.
Call Stack (most recent call first):
  CMakeLists.txt:2 (project)


-- Configuring incomplete, errors occurred!
